[Tue May 09 08:46:58.210747 2023] [ssl:info] [pid 16:tid 140209873678400] AH01883: Init: Initialized OpenSSL library
AH00112: Warning: DocumentRoot [/var/www/lpa_sf6/public] does not exist
[Tue May 09 08:46:58.273357 2023] [ssl:info] [pid 16:tid 140209873678400] AH01883: Init: Initialized OpenSSL library
[Tue May 09 08:46:58.274784 2023] [mpm_event:notice] [pid 16:tid 140209873678400] AH00489: Apache/2.4.25 (Debian) OpenSSL/1.0.2u configured -- resuming normal operations
[Tue May 09 08:46:58.274812 2023] [core:notice] [pid 16:tid 140209873678400] AH00094: Command line: '/usr/sbin/apache2 -D FOREGROUND -e info'
[Tue May 09 08:51:46.272378 2023] [ssl:info] [pid 16:tid 140110564638784] AH01883: Init: Initialized OpenSSL library
AH00112: Warning: DocumentRoot [/var/www/lpa_sf6/public] does not exist
[Tue May 09 08:51:46.278950 2023] [ssl:info] [pid 16:tid 140110564638784] AH01883: Init: Initialized OpenSSL library
[Tue May 09 08:51:46.280022 2023] [mpm_event:notice] [pid 16:tid 140110564638784] AH00489: Apache/2.4.25 (Debian) OpenSSL/1.0.2u configured -- resuming normal operations
[Tue May 09 08:51:46.280063 2023] [core:notice] [pid 16:tid 140110564638784] AH00094: Command line: '/usr/sbin/apache2 -D FOREGROUND -e info'
[Tue May 16 06:23:06.923654 2023] [ssl:info] [pid 16:tid 140556205465664] AH01883: Init: Initialized OpenSSL library
AH00112: Warning: DocumentRoot [/var/www/lpa_sf6/public] does not exist
[Tue May 16 06:23:06.934144 2023] [ssl:info] [pid 16:tid 140556205465664] AH01883: Init: Initialized OpenSSL library
[Tue May 16 06:23:06.934799 2023] [mpm_event:notice] [pid 16:tid 140556205465664] AH00489: Apache/2.4.25 (Debian) OpenSSL/1.0.2u configured -- resuming normal operations
[Tue May 16 06:23:06.934821 2023] [core:notice] [pid 16:tid 140556205465664] AH00094: Command line: '/usr/sbin/apache2 -D FOREGROUND -e info'
[Tue May 16 06:46:59.147569 2023] [ssl:info] [pid 16:tid 140391849427008] AH01883: Init: Initialized OpenSSL library
AH00112: Warning: DocumentRoot [/var/www/lpa_sf6/public] does not exist
[Tue May 16 06:46:59.153976 2023] [ssl:info] [pid 16:tid 140391849427008] AH01883: Init: Initialized OpenSSL library
[Tue May 16 06:46:59.155062 2023] [mpm_event:notice] [pid 16:tid 140391849427008] AH00489: Apache/2.4.25 (Debian) OpenSSL/1.0.2u configured -- resuming normal operations
[Tue May 16 06:46:59.155088 2023] [core:notice] [pid 16:tid 140391849427008] AH00094: Command line: '/usr/sbin/apache2 -D FOREGROUND -e info'
[Tue May 16 07:24:03.784158 2023] [ssl:info] [pid 16:tid 140357080465472] AH01883: Init: Initialized OpenSSL library
AH00112: Warning: DocumentRoot [/var/www/lpa_sf6/public] does not exist
[Tue May 16 07:24:03.791036 2023] [ssl:info] [pid 16:tid 140357080465472] AH01883: Init: Initialized OpenSSL library
[Tue May 16 07:24:03.792039 2023] [mpm_event:notice] [pid 16:tid 140357080465472] AH00489: Apache/2.4.25 (Debian) OpenSSL/1.0.2u configured -- resuming normal operations
[Tue May 16 07:24:03.792061 2023] [core:notice] [pid 16:tid 140357080465472] AH00094: Command line: '/usr/sbin/apache2 -D FOREGROUND -e info'
[Tue May 23 06:17:02.539653 2023] [ssl:info] [pid 9:tid 139806803877952] AH01883: Init: Initialized OpenSSL library
AH00112: Warning: DocumentRoot [/var/www/lpa_sf6/public] does not exist
[Tue May 23 06:17:02.549571 2023] [ssl:info] [pid 9:tid 139806803877952] AH01883: Init: Initialized OpenSSL library
[Tue May 23 06:17:02.550276 2023] [core:warn] [pid 9:tid 139806803877952] AH00098: pid file /var/run/apache2/apache2.pid overwritten -- Unclean shutdown of previous Apache run?
[Tue May 23 06:17:02.551106 2023] [mpm_event:notice] [pid 9:tid 139806803877952] AH00489: Apache/2.4.25 (Debian) OpenSSL/1.0.2u configured -- resuming normal operations
[Tue May 23 06:17:02.551144 2023] [core:notice] [pid 9:tid 139806803877952] AH00094: Command line: '/usr/sbin/apache2 -D FOREGROUND -e info'
[Tue May 23 06:31:34.983187 2023] [ssl:info] [pid 9:tid 140036159356992] AH01883: Init: Initialized OpenSSL library
AH00112: Warning: DocumentRoot [/var/www/lpa_sf6/public] does not exist
[Tue May 23 06:31:34.991620 2023] [ssl:info] [pid 9:tid 140036159356992] AH01883: Init: Initialized OpenSSL library
[Tue May 23 06:31:34.991767 2023] [core:warn] [pid 9:tid 140036159356992] AH00098: pid file /var/run/apache2/apache2.pid overwritten -- Unclean shutdown of previous Apache run?
[Tue May 23 06:31:34.992483 2023] [mpm_event:notice] [pid 9:tid 140036159356992] AH00489: Apache/2.4.25 (Debian) OpenSSL/1.0.2u configured -- resuming normal operations
[Tue May 23 06:31:34.992508 2023] [core:notice] [pid 9:tid 140036159356992] AH00094: Command line: '/usr/sbin/apache2 -D FOREGROUND -e info'
[Tue May 23 06:34:53.260933 2023] [ssl:info] [pid 9:tid 140144886759488] AH01883: Init: Initialized OpenSSL library
AH00112: Warning: DocumentRoot [/var/www/lpa_sf6/public] does not exist
[Tue May 23 06:34:53.269486 2023] [ssl:info] [pid 9:tid 140144886759488] AH01883: Init: Initialized OpenSSL library
[Tue May 23 06:34:53.269622 2023] [core:warn] [pid 9:tid 140144886759488] AH00098: pid file /var/run/apache2/apache2.pid overwritten -- Unclean shutdown of previous Apache run?
[Tue May 23 06:34:53.270576 2023] [mpm_event:notice] [pid 9:tid 140144886759488] AH00489: Apache/2.4.25 (Debian) OpenSSL/1.0.2u configured -- resuming normal operations
[Tue May 23 06:34:53.270598 2023] [core:notice] [pid 9:tid 140144886759488] AH00094: Command line: '/usr/sbin/apache2 -D FOREGROUND -e info'
[Tue May 23 06:36:52.639794 2023] [ssl:info] [pid 9:tid 140233991729216] AH01883: Init: Initialized OpenSSL library
AH00112: Warning: DocumentRoot [/var/www/lpa_sf6/public] does not exist
[Tue May 23 06:36:52.650902 2023] [ssl:info] [pid 9:tid 140233991729216] AH01883: Init: Initialized OpenSSL library
[Tue May 23 06:36:52.651114 2023] [core:warn] [pid 9:tid 140233991729216] AH00098: pid file /var/run/apache2/apache2.pid overwritten -- Unclean shutdown of previous Apache run?
[Tue May 23 06:36:52.653073 2023] [mpm_event:notice] [pid 9:tid 140233991729216] AH00489: Apache/2.4.25 (Debian) OpenSSL/1.0.2u configured -- resuming normal operations
[Tue May 23 06:36:52.653282 2023] [core:notice] [pid 9:tid 140233991729216] AH00094: Command line: '/usr/sbin/apache2 -D FOREGROUND -e info'
[Tue May 23 06:43:17.097692 2023] [ssl:info] [pid 9:tid 140267699769408] AH01883: Init: Initialized OpenSSL library
AH00112: Warning: DocumentRoot [/var/www/lpa_sf6/public] does not exist
[Tue May 23 06:43:17.107867 2023] [ssl:info] [pid 9:tid 140267699769408] AH01883: Init: Initialized OpenSSL library
[Tue May 23 06:43:17.107991 2023] [core:warn] [pid 9:tid 140267699769408] AH00098: pid file /var/run/apache2/apache2.pid overwritten -- Unclean shutdown of previous Apache run?
[Tue May 23 06:43:17.108685 2023] [mpm_event:notice] [pid 9:tid 140267699769408] AH00489: Apache/2.4.25 (Debian) OpenSSL/1.0.2u configured -- resuming normal operations
[Tue May 23 06:43:17.108703 2023] [core:notice] [pid 9:tid 140267699769408] AH00094: Command line: '/usr/sbin/apache2 -D FOREGROUND -e info'
[Tue May 23 07:04:58.537441 2023] [ssl:info] [pid 16:tid 140690530480192] AH01883: Init: Initialized OpenSSL library
AH00112: Warning: DocumentRoot [/var/www/lpa_sf6/public] does not exist
[Tue May 23 07:04:58.554890 2023] [ssl:info] [pid 16:tid 140690530480192] AH01883: Init: Initialized OpenSSL library
[Tue May 23 07:04:58.556828 2023] [mpm_event:notice] [pid 16:tid 140690530480192] AH00489: Apache/2.4.25 (Debian) OpenSSL/1.0.2u configured -- resuming normal operations
[Tue May 23 07:04:58.557026 2023] [core:notice] [pid 16:tid 140690530480192] AH00094: Command line: '/usr/sbin/apache2 -D FOREGROUND -e info'
[Tue May 23 07:17:42.738891 2023] [ssl:info] [pid 16:tid 139658363301952] AH01883: Init: Initialized OpenSSL library
[Tue May 23 07:17:42.744982 2023] [ssl:info] [pid 16:tid 139658363301952] AH01883: Init: Initialized OpenSSL library
[Tue May 23 07:17:42.745764 2023] [mpm_event:notice] [pid 16:tid 139658363301952] AH00489: Apache/2.4.25 (Debian) OpenSSL/1.0.2u configured -- resuming normal operations
[Tue May 23 07:17:42.745787 2023] [core:notice] [pid 16:tid 139658363301952] AH00094: Command line: '/usr/sbin/apache2 -D FOREGROUND -e info'
[Tue May 23 07:20:09.884308 2023] [ssl:info] [pid 16:tid 140638019379264] AH01883: Init: Initialized OpenSSL library
[Tue May 23 07:20:09.897062 2023] [ssl:info] [pid 16:tid 140638019379264] AH01883: Init: Initialized OpenSSL library
[Tue May 23 07:20:09.898020 2023] [mpm_event:notice] [pid 16:tid 140638019379264] AH00489: Apache/2.4.25 (Debian) OpenSSL/1.0.2u configured -- resuming normal operations
[Tue May 23 07:20:09.898052 2023] [core:notice] [pid 16:tid 140638019379264] AH00094: Command line: '/usr/sbin/apache2 -D FOREGROUND -e info'
[Sat May 27 18:42:58.371115 2023] [mpm_event:notice] [pid 17:tid 139819135360320] AH00489: Apache/2.4.56 (Debian) OpenSSL/1.1.1n configured -- resuming normal operations
[Sat May 27 18:42:58.373211 2023] [core:notice] [pid 17:tid 139819135360320] AH00094: Command line: '/usr/sbin/apache2 -D FOREGROUND -e info'
[Tue May 30 06:09:22.100487 2023] [core:warn] [pid 10:tid 140550011661632] AH00098: pid file /var/run/apache2/apache2.pid overwritten -- Unclean shutdown of previous Apache run?
[Tue May 30 06:09:22.101538 2023] [mpm_event:notice] [pid 10:tid 140550011661632] AH00489: Apache/2.4.56 (Debian) OpenSSL/1.1.1n configured -- resuming normal operations
[Tue May 30 06:09:22.101549 2023] [core:notice] [pid 10:tid 140550011661632] AH00094: Command line: '/usr/sbin/apache2 -D FOREGROUND -e info'
[Tue May 30 06:34:43.769782 2023] [core:warn] [pid 10:tid 140709125418304] AH00098: pid file /var/run/apache2/apache2.pid overwritten -- Unclean shutdown of previous Apache run?
[Tue May 30 06:34:43.770320 2023] [mpm_event:notice] [pid 10:tid 140709125418304] AH00489: Apache/2.4.56 (Debian) OpenSSL/1.1.1n configured -- resuming normal operations
[Tue May 30 06:34:43.770334 2023] [core:notice] [pid 10:tid 140709125418304] AH00094: Command line: '/usr/sbin/apache2 -D FOREGROUND -e info'
